{"C:\\Users\\Sullivan\\Documents\\itm350final\\devops-group-c-fall2025\\backend\\server.js": {"path":"C:\\Users\\Sullivan\\Documents\\itm350final\\devops-group-c-fall2025\\backend\\server.js","statementMap":{"0":{"start":{"line":1,"column":0},"end":{"line":1,"column":27}},"1":{"start":{"line":2,"column":16},"end":{"line":2,"column":34}},"2":{"start":{"line":3,"column":13},"end":{"line":3,"column":28}},"3":{"start":{"line":5,"column":12},"end":{"line":5,"column":21}},"4":{"start":{"line":6,"column":0},"end":{"line":6,"column":16}},"5":{"start":{"line":7,"column":0},"end":{"line":7,"column":24}},"6":{"start":{"line":10,"column":25},"end":{"line":10,"column":57}},"7":{"start":{"line":11,"column":17},"end":{"line":14,"column":1}},"8":{"start":{"line":17,"column":19},"end":{"line":17,"column":53}},"9":{"start":{"line":18,"column":21},"end":{"line":18,"column":57}},"10":{"start":{"line":19,"column":20},"end":{"line":19,"column":55}},"11":{"start":{"line":20,"column":20},"end":{"line":20,"column":55}},"12":{"start":{"line":22,"column":0},"end":{"line":22,"column":29}},"13":{"start":{"line":23,"column":0},"end":{"line":23,"column":33}},"14":{"start":{"line":24,"column":0},"end":{"line":24,"column":31}},"15":{"start":{"line":25,"column":0},"end":{"line":25,"column":31}},"16":{"start":{"line":27,"column":13},"end":{"line":27,"column":37}},"17":{"start":{"line":29,"column":0},"end":{"line":31,"column":1}},"18":{"start":{"line":30,"column":2},"end":{"line":30,"column":72}},"19":{"start":{"line":30,"column":25},"end":{"line":30,"column":70}},"20":{"start":{"line":33,"column":0},"end":{"line":33,"column":21}}},"fnMap":{"0":{"name":"(anonymous_0)","decl":{"start":{"line":30,"column":19},"end":{"line":30,"column":20}},"loc":{"start":{"line":30,"column":25},"end":{"line":30,"column":70}},"line":30}},"branchMap":{"0":{"loc":{"start":{"line":27,"column":13},"end":{"line":27,"column":37}},"type":"binary-expr","locations":[{"start":{"line":27,"column":13},"end":{"line":27,"column":29}},{"start":{"line":27,"column":33},"end":{"line":27,"column":37}}],"line":27},"1":{"loc":{"start":{"line":29,"column":0},"end":{"line":31,"column":1}},"type":"if","locations":[{"start":{"line":29,"column":0},"end":{"line":31,"column":1}},{"start":{},"end":{}}],"line":29}},"s":{"0":1,"1":1,"2":1,"3":1,"4":1,"5":1,"6":1,"7":1,"8":1,"9":1,"10":1,"11":1,"12":1,"13":1,"14":1,"15":1,"16":1,"17":1,"18":0,"19":0,"20":1},"f":{"0":0},"b":{"0":[1,0],"1":[0,1]},"_coverageSchema":"1a1c01bbd47fc00a2c39e90264f33305004495a9","hash":"e4c22c1283a590e3dc10892d6355d58b66e51e10"}
,"C:\\Users\\Sullivan\\Documents\\itm350final\\devops-group-c-fall2025\\backend\\routes\\activity.js": {"path":"C:\\Users\\Sullivan\\Documents\\itm350final\\devops-group-c-fall2025\\backend\\routes\\activity.js","statementMap":{"0":{"start":{"line":1,"column":16},"end":{"line":1,"column":34}},"1":{"start":{"line":3,"column":0},"end":{"line":32,"column":2}},"2":{"start":{"line":4,"column":17},"end":{"line":4,"column":33}},"3":{"start":{"line":7,"column":2},"end":{"line":17,"column":5}},"4":{"start":{"line":8,"column":24},"end":{"line":8,"column":34}},"5":{"start":{"line":9,"column":28},"end":{"line":13,"column":48}},"6":{"start":{"line":15,"column":4},"end":{"line":15,"column":69}},"7":{"start":{"line":15,"column":15},"end":{"line":15,"column":69}},"8":{"start":{"line":16,"column":4},"end":{"line":16,"column":19}},"9":{"start":{"line":20,"column":2},"end":{"line":29,"column":5}},"10":{"start":{"line":21,"column":42},"end":{"line":21,"column":50}},"11":{"start":{"line":22,"column":28},"end":{"line":25,"column":15}},"12":{"start":{"line":27,"column":4},"end":{"line":27,"column":69}},"13":{"start":{"line":27,"column":15},"end":{"line":27,"column":69}},"14":{"start":{"line":28,"column":4},"end":{"line":28,"column":22}},"15":{"start":{"line":31,"column":2},"end":{"line":31,"column":16}}},"fnMap":{"0":{"name":"(anonymous_0)","decl":{"start":{"line":3,"column":17},"end":{"line":3,"column":18}},"loc":{"start":{"line":3,"column":31},"end":{"line":32,"column":1}},"line":3},"1":{"name":"(anonymous_1)","decl":{"start":{"line":7,"column":26},"end":{"line":7,"column":27}},"loc":{"start":{"line":7,"column":46},"end":{"line":17,"column":3}},"line":7},"2":{"name":"(anonymous_2)","decl":{"start":{"line":20,"column":19},"end":{"line":20,"column":20}},"loc":{"start":{"line":20,"column":39},"end":{"line":29,"column":3}},"line":20}},"branchMap":{"0":{"loc":{"start":{"line":15,"column":4},"end":{"line":15,"column":69}},"type":"if","locations":[{"start":{"line":15,"column":4},"end":{"line":15,"column":69}},{"start":{},"end":{}}],"line":15},"1":{"loc":{"start":{"line":27,"column":4},"end":{"line":27,"column":69}},"type":"if","locations":[{"start":{"line":27,"column":4},"end":{"line":27,"column":69}},{"start":{},"end":{}}],"line":27}},"s":{"0":2,"1":2,"2":4,"3":4,"4":2,"5":2,"6":2,"7":1,"8":1,"9":4,"10":2,"11":2,"12":2,"13":1,"14":1,"15":4},"f":{"0":4,"1":2,"2":2},"b":{"0":[1,1],"1":[1,1]},"_coverageSchema":"1a1c01bbd47fc00a2c39e90264f33305004495a9","hash":"e44367732199eeefe3d8c52592ff837266aa1102"}
,"C:\\Users\\Sullivan\\Documents\\itm350final\\devops-group-c-fall2025\\backend\\routes\\auth.js": {"path":"C:\\Users\\Sullivan\\Documents\\itm350final\\devops-group-c-fall2025\\backend\\routes\\auth.js","statementMap":{"0":{"start":{"line":1,"column":16},"end":{"line":1,"column":34}},"1":{"start":{"line":3,"column":0},"end":{"line":38,"column":2}},"2":{"start":{"line":4,"column":17},"end":{"line":4,"column":33}},"3":{"start":{"line":7,"column":2},"end":{"line":20,"column":5}},"4":{"start":{"line":8,"column":32},"end":{"line":8,"column":40}},"5":{"start":{"line":9,"column":4},"end":{"line":19,"column":5}},"6":{"start":{"line":10,"column":30},"end":{"line":14,"column":8}},"7":{"start":{"line":15,"column":6},"end":{"line":15,"column":71}},"8":{"start":{"line":15,"column":17},"end":{"line":15,"column":71}},"9":{"start":{"line":16,"column":6},"end":{"line":16,"column":26}},"10":{"start":{"line":18,"column":6},"end":{"line":18,"column":65}},"11":{"start":{"line":23,"column":2},"end":{"line":35,"column":5}},"12":{"start":{"line":24,"column":32},"end":{"line":24,"column":40}},"13":{"start":{"line":25,"column":4},"end":{"line":34,"column":5}},"14":{"start":{"line":26,"column":30},"end":{"line":29,"column":8}},"15":{"start":{"line":30,"column":6},"end":{"line":30,"column":71}},"16":{"start":{"line":30,"column":17},"end":{"line":30,"column":71}},"17":{"start":{"line":31,"column":6},"end":{"line":31,"column":26}},"18":{"start":{"line":33,"column":6},"end":{"line":33,"column":65}},"19":{"start":{"line":37,"column":2},"end":{"line":37,"column":16}}},"fnMap":{"0":{"name":"(anonymous_0)","decl":{"start":{"line":3,"column":17},"end":{"line":3,"column":18}},"loc":{"start":{"line":3,"column":31},"end":{"line":38,"column":1}},"line":3},"1":{"name":"(anonymous_1)","decl":{"start":{"line":7,"column":25},"end":{"line":7,"column":26}},"loc":{"start":{"line":7,"column":45},"end":{"line":20,"column":3}},"line":7},"2":{"name":"(anonymous_2)","decl":{"start":{"line":23,"column":24},"end":{"line":23,"column":25}},"loc":{"start":{"line":23,"column":44},"end":{"line":35,"column":3}},"line":23}},"branchMap":{"0":{"loc":{"start":{"line":15,"column":6},"end":{"line":15,"column":71}},"type":"if","locations":[{"start":{"line":15,"column":6},"end":{"line":15,"column":71}},{"start":{},"end":{}}],"line":15},"1":{"loc":{"start":{"line":30,"column":6},"end":{"line":30,"column":71}},"type":"if","locations":[{"start":{"line":30,"column":6},"end":{"line":30,"column":71}},{"start":{},"end":{}}],"line":30}},"s":{"0":2,"1":2,"2":6,"3":6,"4":3,"5":3,"6":3,"7":2,"8":1,"9":1,"10":1,"11":6,"12":3,"13":3,"14":3,"15":2,"16":1,"17":1,"18":1,"19":6},"f":{"0":6,"1":3,"2":3},"b":{"0":[1,1],"1":[1,1]},"_coverageSchema":"1a1c01bbd47fc00a2c39e90264f33305004495a9","hash":"6d469d75672d4f8f682da6513f17805b3a6ed979"}
,"C:\\Users\\Sullivan\\Documents\\itm350final\\devops-group-c-fall2025\\backend\\routes\\boards.js": {"path":"C:\\Users\\Sullivan\\Documents\\itm350final\\devops-group-c-fall2025\\backend\\routes\\boards.js","statementMap":{"0":{"start":{"line":1,"column":16},"end":{"line":1,"column":34}},"1":{"start":{"line":3,"column":0},"end":{"line":52,"column":2}},"2":{"start":{"line":4,"column":17},"end":{"line":4,"column":33}},"3":{"start":{"line":7,"column":2},"end":{"line":25,"column":5}},"4":{"start":{"line":8,"column":23},"end":{"line":8,"column":33}},"5":{"start":{"line":10,"column":4},"end":{"line":24,"column":5}},"6":{"start":{"line":11,"column":30},"end":{"line":15,"column":49}},"7":{"start":{"line":17,"column":6},"end":{"line":19,"column":7}},"8":{"start":{"line":18,"column":8},"end":{"line":18,"column":62}},"9":{"start":{"line":21,"column":6},"end":{"line":21,"column":21}},"10":{"start":{"line":23,"column":6},"end":{"line":23,"column":70}},"11":{"start":{"line":28,"column":2},"end":{"line":49,"column":5}},"12":{"start":{"line":29,"column":32},"end":{"line":29,"column":40}},"13":{"start":{"line":31,"column":4},"end":{"line":33,"column":5}},"14":{"start":{"line":32,"column":6},"end":{"line":32,"column":80}},"15":{"start":{"line":35,"column":4},"end":{"line":48,"column":5}},"16":{"start":{"line":36,"column":30},"end":{"line":39,"column":17}},"17":{"start":{"line":41,"column":6},"end":{"line":43,"column":7}},"18":{"start":{"line":42,"column":8},"end":{"line":42,"column":62}},"19":{"start":{"line":45,"column":6},"end":{"line":45,"column":24}},"20":{"start":{"line":47,"column":6},"end":{"line":47,"column":69}},"21":{"start":{"line":51,"column":2},"end":{"line":51,"column":16}}},"fnMap":{"0":{"name":"(anonymous_0)","decl":{"start":{"line":3,"column":17},"end":{"line":3,"column":18}},"loc":{"start":{"line":3,"column":31},"end":{"line":52,"column":1}},"line":3},"1":{"name":"(anonymous_1)","decl":{"start":{"line":7,"column":25},"end":{"line":7,"column":26}},"loc":{"start":{"line":7,"column":45},"end":{"line":25,"column":3}},"line":7},"2":{"name":"(anonymous_2)","decl":{"start":{"line":28,"column":19},"end":{"line":28,"column":20}},"loc":{"start":{"line":28,"column":39},"end":{"line":49,"column":3}},"line":28}},"branchMap":{"0":{"loc":{"start":{"line":17,"column":6},"end":{"line":19,"column":7}},"type":"if","locations":[{"start":{"line":17,"column":6},"end":{"line":19,"column":7}},{"start":{},"end":{}}],"line":17},"1":{"loc":{"start":{"line":31,"column":4},"end":{"line":33,"column":5}},"type":"if","locations":[{"start":{"line":31,"column":4},"end":{"line":33,"column":5}},{"start":{},"end":{}}],"line":31},"2":{"loc":{"start":{"line":31,"column":8},"end":{"line":31,"column":27}},"type":"binary-expr","locations":[{"start":{"line":31,"column":8},"end":{"line":31,"column":17}},{"start":{"line":31,"column":21},"end":{"line":31,"column":27}}],"line":31},"3":{"loc":{"start":{"line":41,"column":6},"end":{"line":43,"column":7}},"type":"if","locations":[{"start":{"line":41,"column":6},"end":{"line":43,"column":7}},{"start":{},"end":{}}],"line":41}},"s":{"0":2,"1":2,"2":8,"3":8,"4":3,"5":3,"6":3,"7":2,"8":1,"9":1,"10":1,"11":8,"12":5,"13":5,"14":2,"15":3,"16":3,"17":2,"18":1,"19":1,"20":1,"21":8},"f":{"0":8,"1":3,"2":5},"b":{"0":[1,1],"1":[2,3],"2":[5,4],"3":[1,1]},"_coverageSchema":"1a1c01bbd47fc00a2c39e90264f33305004495a9","hash":"86638c2cf0e1ebea958fd1c16e4d90f8060b340b"}
,"C:\\Users\\Sullivan\\Documents\\itm350final\\devops-group-c-fall2025\\backend\\routes\\cards.js": {"path":"C:\\Users\\Sullivan\\Documents\\itm350final\\devops-group-c-fall2025\\backend\\routes\\cards.js","statementMap":{"0":{"start":{"line":1,"column":16},"end":{"line":1,"column":34}},"1":{"start":{"line":3,"column":0},"end":{"line":47,"column":2}},"2":{"start":{"line":4,"column":17},"end":{"line":4,"column":33}},"3":{"start":{"line":7,"column":2},"end":{"line":17,"column":5}},"4":{"start":{"line":8,"column":23},"end":{"line":8,"column":33}},"5":{"start":{"line":9,"column":28},"end":{"line":13,"column":45}},"6":{"start":{"line":15,"column":4},"end":{"line":15,"column":69}},"7":{"start":{"line":15,"column":15},"end":{"line":15,"column":69}},"8":{"start":{"line":16,"column":4},"end":{"line":16,"column":19}},"9":{"start":{"line":20,"column":2},"end":{"line":29,"column":5}},"10":{"start":{"line":21,"column":54},"end":{"line":21,"column":62}},"11":{"start":{"line":22,"column":28},"end":{"line":25,"column":15}},"12":{"start":{"line":27,"column":4},"end":{"line":27,"column":69}},"13":{"start":{"line":27,"column":15},"end":{"line":27,"column":69}},"14":{"start":{"line":28,"column":4},"end":{"line":28,"column":22}},"15":{"start":{"line":32,"column":2},"end":{"line":44,"column":5}},"16":{"start":{"line":33,"column":23},"end":{"line":33,"column":33}},"17":{"start":{"line":34,"column":20},"end":{"line":34,"column":28}},"18":{"start":{"line":36,"column":28},"end":{"line":40,"column":15}},"19":{"start":{"line":42,"column":4},"end":{"line":42,"column":69}},"20":{"start":{"line":42,"column":15},"end":{"line":42,"column":69}},"21":{"start":{"line":43,"column":4},"end":{"line":43,"column":22}},"22":{"start":{"line":46,"column":2},"end":{"line":46,"column":16}}},"fnMap":{"0":{"name":"(anonymous_0)","decl":{"start":{"line":3,"column":17},"end":{"line":3,"column":18}},"loc":{"start":{"line":3,"column":31},"end":{"line":47,"column":1}},"line":3},"1":{"name":"(anonymous_1)","decl":{"start":{"line":7,"column":25},"end":{"line":7,"column":26}},"loc":{"start":{"line":7,"column":45},"end":{"line":17,"column":3}},"line":7},"2":{"name":"(anonymous_2)","decl":{"start":{"line":20,"column":19},"end":{"line":20,"column":20}},"loc":{"start":{"line":20,"column":39},"end":{"line":29,"column":3}},"line":20},"3":{"name":"(anonymous_3)","decl":{"start":{"line":32,"column":25},"end":{"line":32,"column":26}},"loc":{"start":{"line":32,"column":45},"end":{"line":44,"column":3}},"line":32}},"branchMap":{"0":{"loc":{"start":{"line":15,"column":4},"end":{"line":15,"column":69}},"type":"if","locations":[{"start":{"line":15,"column":4},"end":{"line":15,"column":69}},{"start":{},"end":{}}],"line":15},"1":{"loc":{"start":{"line":27,"column":4},"end":{"line":27,"column":69}},"type":"if","locations":[{"start":{"line":27,"column":4},"end":{"line":27,"column":69}},{"start":{},"end":{}}],"line":27},"2":{"loc":{"start":{"line":42,"column":4},"end":{"line":42,"column":69}},"type":"if","locations":[{"start":{"line":42,"column":4},"end":{"line":42,"column":69}},{"start":{},"end":{}}],"line":42}},"s":{"0":2,"1":2,"2":6,"3":6,"4":2,"5":2,"6":2,"7":1,"8":1,"9":6,"10":2,"11":2,"12":2,"13":1,"14":1,"15":6,"16":2,"17":2,"18":2,"19":2,"20":1,"21":1,"22":6},"f":{"0":6,"1":2,"2":2,"3":2},"b":{"0":[1,1],"1":[1,1],"2":[1,1]},"_coverageSchema":"1a1c01bbd47fc00a2c39e90264f33305004495a9","hash":"17be8358e29e867a2a9e0fde6f10cb14c5e9e909"}
,"C:\\Users\\Sullivan\\Documents\\itm350final\\devops-group-c-fall2025\\backend\\routes\\lists.js": {"path":"C:\\Users\\Sullivan\\Documents\\itm350final\\devops-group-c-fall2025\\backend\\routes\\lists.js","statementMap":{"0":{"start":{"line":1,"column":16},"end":{"line":1,"column":34}},"1":{"start":{"line":3,"column":0},"end":{"line":32,"column":2}},"2":{"start":{"line":4,"column":17},"end":{"line":4,"column":33}},"3":{"start":{"line":7,"column":2},"end":{"line":17,"column":5}},"4":{"start":{"line":8,"column":24},"end":{"line":8,"column":34}},"5":{"start":{"line":9,"column":28},"end":{"line":13,"column":45}},"6":{"start":{"line":15,"column":4},"end":{"line":15,"column":69}},"7":{"start":{"line":15,"column":15},"end":{"line":15,"column":69}},"8":{"start":{"line":16,"column":4},"end":{"line":16,"column":19}},"9":{"start":{"line":20,"column":2},"end":{"line":29,"column":5}},"10":{"start":{"line":21,"column":42},"end":{"line":21,"column":50}},"11":{"start":{"line":22,"column":28},"end":{"line":25,"column":15}},"12":{"start":{"line":27,"column":4},"end":{"line":27,"column":69}},"13":{"start":{"line":27,"column":15},"end":{"line":27,"column":69}},"14":{"start":{"line":28,"column":4},"end":{"line":28,"column":22}},"15":{"start":{"line":31,"column":2},"end":{"line":31,"column":16}}},"fnMap":{"0":{"name":"(anonymous_0)","decl":{"start":{"line":3,"column":17},"end":{"line":3,"column":18}},"loc":{"start":{"line":3,"column":31},"end":{"line":32,"column":1}},"line":3},"1":{"name":"(anonymous_1)","decl":{"start":{"line":7,"column":26},"end":{"line":7,"column":27}},"loc":{"start":{"line":7,"column":46},"end":{"line":17,"column":3}},"line":7},"2":{"name":"(anonymous_2)","decl":{"start":{"line":20,"column":19},"end":{"line":20,"column":20}},"loc":{"start":{"line":20,"column":39},"end":{"line":29,"column":3}},"line":20}},"branchMap":{"0":{"loc":{"start":{"line":15,"column":4},"end":{"line":15,"column":69}},"type":"if","locations":[{"start":{"line":15,"column":4},"end":{"line":15,"column":69}},{"start":{},"end":{}}],"line":15},"1":{"loc":{"start":{"line":27,"column":4},"end":{"line":27,"column":69}},"type":"if","locations":[{"start":{"line":27,"column":4},"end":{"line":27,"column":69}},{"start":{},"end":{}}],"line":27}},"s":{"0":2,"1":2,"2":4,"3":4,"4":2,"5":2,"6":2,"7":1,"8":1,"9":4,"10":2,"11":2,"12":2,"13":1,"14":1,"15":4},"f":{"0":4,"1":2,"2":2},"b":{"0":[1,1],"1":[1,1]},"_coverageSchema":"1a1c01bbd47fc00a2c39e90264f33305004495a9","hash":"0460e7a63dbeb3e8a5c739feb6466ac257bc1ec9"}
}
