TN:
SF:server.js
FN:30,(anonymous_0)
FNF:1
FNH:0
FNDA:0,(anonymous_0)
DA:1,1
DA:2,1
DA:3,1
DA:5,1
DA:6,1
DA:7,1
DA:10,1
DA:11,1
DA:17,1
DA:18,1
DA:19,1
DA:20,1
DA:22,1
DA:23,1
DA:24,1
DA:25,1
DA:27,1
DA:29,1
DA:30,0
DA:33,1
LF:20
LH:19
BRDA:27,0,0,1
BRDA:27,0,1,0
BRDA:29,1,0,0
BRDA:29,1,1,1
BRF:4
BRH:2
end_of_record
TN:
SF:routes\activity.js
FN:3,(anonymous_0)
FN:7,(anonymous_1)
FN:20,(anonymous_2)
FNF:3
FNH:3
FNDA:4,(anonymous_0)
FNDA:2,(anonymous_1)
FNDA:2,(anonymous_2)
DA:1,2
DA:3,2
DA:4,4
DA:7,4
DA:8,2
DA:9,2
DA:15,2
DA:16,1
DA:20,4
DA:21,2
DA:22,2
DA:27,2
DA:28,1
DA:31,4
LF:14
LH:14
BRDA:15,0,0,1
BRDA:15,0,1,1
BRDA:27,1,0,1
BRDA:27,1,1,1
BRF:4
BRH:4
end_of_record
TN:
SF:routes\auth.js
FN:3,(anonymous_0)
FN:7,(anonymous_1)
FN:23,(anonymous_2)
FNF:3
FNH:3
FNDA:6,(anonymous_0)
FNDA:3,(anonymous_1)
FNDA:3,(anonymous_2)
DA:1,2
DA:3,2
DA:4,6
DA:7,6
DA:8,3
DA:9,3
DA:10,3
DA:15,2
DA:16,1
DA:18,1
DA:23,6
DA:24,3
DA:25,3
DA:26,3
DA:30,2
DA:31,1
DA:33,1
DA:37,6
LF:18
LH:18
BRDA:15,0,0,1
BRDA:15,0,1,1
BRDA:30,1,0,1
BRDA:30,1,1,1
BRF:4
BRH:4
end_of_record
TN:
SF:routes\boards.js
FN:3,(anonymous_0)
FN:7,(anonymous_1)
FN:28,(anonymous_2)
FNF:3
FNH:3
FNDA:8,(anonymous_0)
FNDA:3,(anonymous_1)
FNDA:5,(anonymous_2)
DA:1,2
DA:3,2
DA:4,8
DA:7,8
DA:8,3
DA:10,3
DA:11,3
DA:17,2
DA:18,1
DA:21,1
DA:23,1
DA:28,8
DA:29,5
DA:31,5
DA:32,2
DA:35,3
DA:36,3
DA:41,2
DA:42,1
DA:45,1
DA:47,1
DA:51,8
LF:22
LH:22
BRDA:17,0,0,1
BRDA:17,0,1,1
BRDA:31,1,0,2
BRDA:31,1,1,3
BRDA:31,2,0,5
BRDA:31,2,1,4
BRDA:41,3,0,1
BRDA:41,3,1,1
BRF:8
BRH:8
end_of_record
TN:
SF:routes\cards.js
FN:3,(anonymous_0)
FN:7,(anonymous_1)
FN:20,(anonymous_2)
FN:32,(anonymous_3)
FNF:4
FNH:4
FNDA:6,(anonymous_0)
FNDA:2,(anonymous_1)
FNDA:2,(anonymous_2)
FNDA:2,(anonymous_3)
DA:1,2
DA:3,2
DA:4,6
DA:7,6
DA:8,2
DA:9,2
DA:15,2
DA:16,1
DA:20,6
DA:21,2
DA:22,2
DA:27,2
DA:28,1
DA:32,6
DA:33,2
DA:34,2
DA:36,2
DA:42,2
DA:43,1
DA:46,6
LF:20
LH:20
BRDA:15,0,0,1
BRDA:15,0,1,1
BRDA:27,1,0,1
BRDA:27,1,1,1
BRDA:42,2,0,1
BRDA:42,2,1,1
BRF:6
BRH:6
end_of_record
TN:
SF:routes\lists.js
FN:3,(anonymous_0)
FN:7,(anonymous_1)
FN:20,(anonymous_2)
FNF:3
FNH:3
FNDA:4,(anonymous_0)
FNDA:2,(anonymous_1)
FNDA:2,(anonymous_2)
DA:1,2
DA:3,2
DA:4,4
DA:7,4
DA:8,2
DA:9,2
DA:15,2
DA:16,1
DA:20,4
DA:21,2
DA:22,2
DA:27,2
DA:28,1
DA:31,4
LF:14
LH:14
BRDA:15,0,0,1
BRDA:15,0,1,1
BRDA:27,1,0,1
BRDA:27,1,1,1
BRF:4
BRH:4
end_of_record
